<?xml version="1.0" encoding="utf-8"?><testsuites><testsuite name="pytest" errors="0" failures="0" skipped="0" tests="0" time="51.831" timestamp="2023-10-12T14:12:34.605506" hostname="admins-MacBook-Pro.local" /></testsuites>