<?xml version="1.0" encoding="utf-8"?><testsuites><testsuite name="pytest" errors="0" failures="0" skipped="0" tests="0" time="2.445" timestamp="2023-10-12T09:40:37.964717" hostname="admins-MacBook-Pro.local" /></testsuites>